<?xml version="1.0" encoding="UTF-8"?>
<!-- Generated by org.testng.reporters.JUnitXMLReporter -->
<testsuite hostname="SEZT1FF266MANGO" ignored="0" name="Default test" tests="7" failures="0" timestamp="24 Sep 2020 10:11:45 GMT" time="9.252" errors="0">
  <testcase name="checkContentLength" time="0.004" classname="com.employeeapi.testcases.TC005_Delete_Employee_Record"/>
  <testcase name="checkContentType" time="0.0" classname="com.employeeapi.testcases.TC005_Delete_Employee_Record"/>
  <testcase name="checkResponseBody" time="0.0" classname="com.employeeapi.testcases.TC005_Delete_Employee_Record"/>
  <testcase name="checkResponseTime" time="0.0" classname="com.employeeapi.testcases.TC005_Delete_Employee_Record"/>
  <testcase name="checkServerType" time="0.0" classname="com.employeeapi.testcases.TC005_Delete_Employee_Record"/>
  <testcase name="checkStatusCode" time="0.0" classname="com.employeeapi.testcases.TC005_Delete_Employee_Record"/>
  <testcase name="checkStatusLine" time="0.0" classname="com.employeeapi.testcases.TC005_Delete_Employee_Record"/>
</testsuite> <!-- Default test -->
